<?xml version="1.0" encoding="UTF-8"?>
<!-- Generated by org.testng.reporters.JUnitReportReporter -->
<testsuite hostname="Abhijith" failures="0" tests="1" name="practiceJenkins.SmokeTestCase2" time="0.008" errors="0" timestamp="2023-07-18T09:53:27 IST" skipped="0">
  <testcase classname="practiceJenkins.SmokeTestCase2" name="demo" time="0.008"/>
  <system-out/>
</testsuite> <!-- practiceJenkins.SmokeTestCase2 -->
